/zhome/13/4/145237/.lsbatch/1623307789.9852233.shell: line 1: syntax error near unexpected token `newline'
/zhome/13/4/145237/.lsbatch/1623307789.9852233.shell: line 1: `bsub> '

------------------------------------------------------------
Sender: LSF System <lsfadmin@hpc.dtu.dk>
Subject: Job 9852233: <NONAME> in cluster <dcc> Exited

Job <NONAME> was submitted from host <n-62-20-1> by user <s193174> in cluster <dcc> at Thu Jun 10 08:49:49 2021
Job was executed on host(s) <n-62-31-4>, in queue <hpc>, as user <s193174> in cluster <dcc> at Thu Jun 10 08:49:50 2021
</zhome/13/4/145237> was used as the home directory.
</zhome/13/4/145237/repos/DTU-02514-Deep-Learning-in-Computer-Vision/project1.1> was used as the working directory.
Started at Thu Jun 10 08:49:50 2021
Terminated at Thu Jun 10 08:49:57 2021
Results reported at Thu Jun 10 08:49:57 2021

Your job looked like:

------------------------------------------------------------
# LSBATCH: User input
bsub> 
------------------------------------------------------------

Exited with exit code 2.

Resource usage summary:

    CPU time :                                   0.55 sec.
    Max Memory :                                 -
    Average Memory :                             -
    Total Requested Memory :                     1024.00 MB
    Delta Memory :                               -
    Max Swap :                                   -
    Max Processes :                              -
    Max Threads :                                -
    Run time :                                   40 sec.
    Turnaround time :                            8 sec.

The output (if any) is above this job summary.

